SF:lib\domain\entities\post.dart
DA:9,2
DA:17,3
DA:19,0
DA:20,0
LF:4
LH:2
end_of_record
SF:lib\ui\pages\detail_page.dart
DA:6,2
DA:8,0
DA:10,0
DA:11,0
DA:14,0
DA:15,0
DA:18,0
DA:19,0
DA:20,0
DA:21,0
LF:10
LH:1
end_of_record
SF:lib\data\post_repository.impl.dart
DA:10,1
DA:12,0
DA:19,0
DA:20,0
DA:21,0
DA:22,0
LF:6
LH:1
end_of_record
SF:lib\ui\app.dart
DA:9,1
DA:12,1
DA:14,1
DA:17,1
DA:18,1
DA:21,1
DA:22,1
DA:24,1
DA:26,1
DA:28,0
DA:31,1
DA:32,1
DA:33,1
DA:34,1
DA:36,1
DA:39,1
DA:40,1
LF:17
LH:16
end_of_record
SF:lib\ui\bindings\initial_bindings.dart
DA:7,1
DA:9,3
DA:10,2
DA:11,3
LF:4
LH:4
end_of_record
SF:lib\ui\pages\home_page.dart
DA:11,1
DA:13,1
DA:15,1
DA:16,1
DA:19,1
DA:20,1
DA:21,2
DA:22,0
DA:23,2
DA:24,0
DA:25,1
DA:26,3
DA:27,2
LF:13
LH:11
end_of_record
SF:lib\data\post.remote.dart
DA:14,1
DA:15,1
DA:18,0
DA:27,0
DA:28,0
DA:30,0
DA:34,0
DA:35,0
DA:36,0
DA:37,0
DA:38,0
DA:41,0
DA:42,0
LF:13
LH:2
end_of_record
SF:lib\ui\controllers\home_controller.dart
DA:10,1
DA:12,1
DA:14,1
DA:17,1
DA:23,1
DA:24,2
DA:25,2
DA:26,4
DA:27,2
LF:9
LH:9
end_of_record
SF:lib\ui\widgets\post_list_item.dart
DA:11,1
DA:18,1
DA:20,1
DA:22,0
DA:23,0
DA:25,1
DA:26,3
DA:28,3
LF:8
LH:6
end_of_record
SF:lib\common\exceptions.dart
DA:8,0
LF:1
LH:0
end_of_record
SF:lib\common\logger.dart
DA:3,0
LF:1
LH:0
end_of_record
SF:lib\data\models\post.model.dart
DA:10,0
DA:17,0
DA:18,0
DA:19,0
DA:20,0
DA:21,0
DA:22,0
DA:33,0
DA:34,0
DA:35,0
DA:36,0
DA:37,0
DA:38,0
DA:49,0
DA:51,0
DA:52,0
LF:16
LH:0
end_of_record
